<?xml version="1.0" encoding="UTF-8"?>
<testng-results skipped="0" failed="0" total="1" passed="1">
  <reporter-output>
  </reporter-output>
  <suite name="tests.LoginTest" duration-ms="39280" started-at="2016-01-19T22:07:40Z" finished-at="2016-01-19T22:08:19Z">
    <groups>
    </groups>
    <test name="Command line test" duration-ms="39280" started-at="2016-01-19T22:07:40Z" finished-at="2016-01-19T22:08:19Z">
      <class name="tests.LoginTest">
        <test-method status="PASS" signature="canLoginWithValidCredentials()[pri:0, instance:tests.LoginTest@13969fbe]" name="canLoginWithValidCredentials" duration-ms="39237" started-at="2016-01-20T00:07:40Z" finished-at="2016-01-20T00:08:19Z">
          <reporter-output>
          </reporter-output>
        </test-method> <!-- canLoginWithValidCredentials -->
      </class> <!-- tests.LoginTest -->
    </test> <!-- Command line test -->
  </suite> <!-- tests.LoginTest -->
</testng-results>
